
::1 - - [16/Jun/2025:19:28:00 +0000] "GET / HTTP/1.1" 401 24 "-" "Mozilla/5.0 (Windows NT 10.0; Win64; x64) AppleWebKit/537.36 (KHTML, like Gecko) Chrome/137.0.0.0 Safari/537.36 Edg/137.0.0.0"
::1 - - [16/Jun/2025:19:28:00 +0000] "GET /favicon.ico HTTP/1.1" 401 24 "http://localhost:3005/" "Mozilla/5.0 (Windows NT 10.0; Win64; x64) AppleWebKit/537.36 (KHTML, like Gecko) Chrome/137.0.0.0 Safari/537.36 Edg/137.0.0.0"
::1 - - [16/Jun/2025:19:28:54 +0000] "POST /api/new/hr HTTP/1.1" 401 24 "-" "PostmanRuntime/7.44.0"
::1 - - [16/Jun/2025:21:45:49 +0000] "POST /api/new/hr HTTP/1.1" 401 24 "-" "PostmanRuntime/7.44.0"
::1 - - [16/Jun/2025:21:46:55 +0000] "POST /api/new/hr HTTP/1.1" 401 24 "-" "PostmanRuntime/7.44.0"
::1 - - [16/Jun/2025:21:48:09 +0000] "GET /api/all HTTP/1.1" 401 24 "-" "PostmanRuntime/7.44.0"
::1 - - [16/Jun/2025:21:48:21 +0000] "GET /api/all HTTP/1.1" 401 24 "-" "PostmanRuntime/7.44.0"
::1 - - [16/Jun/2025:21:48:47 +0000] "GET /api/all HTTP/1.1" 401 24 "-" "PostmanRuntime/7.44.0"
::1 - - [16/Jun/2025:21:49:05 +0000] "GET /api/all HTTP/1.1" 401 24 "-" "PostmanRuntime/7.44.0"
::1 - - [16/Jun/2025:21:50:17 +0000] "GET /api/all HTTP/1.1" 200 2661 "-" "PostmanRuntime/7.44.0"
::1 - - [16/Jun/2025:21:56:09 +0000] "POST /api/new/hr HTTP/1.1" 401 24 "-" "PostmanRuntime/7.44.0"
::1 - - [16/Jun/2025:21:58:05 +0000] "POST /api/new/hr HTTP/1.1" 401 24 "-" "PostmanRuntime/7.44.0"
::1 - - [16/Jun/2025:21:58:34 +0000] "POST /api/new/hr HTTP/1.1" 401 24 "-" "PostmanRuntime/7.44.0"
::1 - - [16/Jun/2025:22:00:06 +0000] "POST /api/new/hr HTTP/1.1" 401 24 "-" "PostmanRuntime/7.44.0"
::1 - - [16/Jun/2025:22:01:08 +0000] "POST /api/new/hr HTTP/1.1" 401 24 "-" "PostmanRuntime/7.44.0"
::1 - - [16/Jun/2025:22:01:50 +0000] "POST /api/new/hr HTTP/1.1" 401 24 "-" "PostmanRuntime/7.44.0"
::1 - - [16/Jun/2025:22:18:12 +0000] "POST /api/new/emp/hr HTTP/1.1" 401 24 "-" "PostmanRuntime/7.44.0"
::1 - - [16/Jun/2025:22:24:53 +0000] "POST /api/new/emp/hr HTTP/1.1" 401 24 "-" "PostmanRuntime/7.44.0"
::1 - - [16/Jun/2025:22:24:55 +0000] "POST /api/new/emp/hr HTTP/1.1" 401 24 "-" "PostmanRuntime/7.44.0"
::1 - - [16/Jun/2025:22:33:09 +0000] "POST /api/new/emp/hr HTTP/1.1" 500 - "-" "PostmanRuntime/7.44.0"
::1 - - [16/Jun/2025:22:33:39 +0000] "POST /api/new/emp/hr HTTP/1.1" 500 - "-" "PostmanRuntime/7.44.0"
::1 - - [16/Jun/2025:22:33:47 +0000] "POST /api/new/emp/hr HTTP/1.1" 500 - "-" "PostmanRuntime/7.44.0"
::1 - - [16/Jun/2025:22:35:48 +0000] "POST /api/new/emp/hr HTTP/1.1" 200 244 "-" "PostmanRuntime/7.44.0"
::1 - - [16/Jun/2025:22:37:18 +0000] "GET /api/all HTTP/1.1" 401 24 "-" "PostmanRuntime/7.44.0"
::1 - - [16/Jun/2025:22:37:48 +0000] "GET /api/all HTTP/1.1" 200 2895 "-" "PostmanRuntime/7.44.0"
::1 - - [16/Jun/2025:22:39:44 +0000] "GET /api/byID/emp/342795267 HTTP/1.1" 200 259 "-" "PostmanRuntime/7.44.0"
::1 - - [17/Jun/2025:12:33:54 +0000] "GET / HTTP/1.1" 401 24 "-" "Mozilla/5.0 (Windows NT 10.0; Win64; x64) AppleWebKit/537.36 (KHTML, like Gecko) Chrome/137.0.0.0 Safari/537.36 Edg/137.0.0.0"
::1 - - [17/Jun/2025:12:33:54 +0000] "GET /favicon.ico HTTP/1.1" 401 24 "http://localhost:3005/" "Mozilla/5.0 (Windows NT 10.0; Win64; x64) AppleWebKit/537.36 (KHTML, like Gecko) Chrome/137.0.0.0 Safari/537.36 Edg/137.0.0.0"
::1 - - [17/Jun/2025:12:35:45 +0000] "POST /api/login HTTP/1.1" 500 - "-" "PostmanRuntime/7.44.0"
::1 - - [17/Jun/2025:12:36:29 +0000] "POST /api/login HTTP/1.1" 500 - "-" "PostmanRuntime/7.44.0"
::1 - - [17/Jun/2025:13:10:23 +0000] "POST /api/login HTTP/1.1" 500 - "-" "PostmanRuntime/7.44.0"
::1 - - [17/Jun/2025:13:19:38 +0000] "POST /api/new/hr HTTP/1.1" 401 24 "-" "PostmanRuntime/7.44.0"
::1 - - [17/Jun/2025:13:21:33 +0000] "POST /api/new/emp/hr HTTP/1.1" 500 - "-" "PostmanRuntime/7.44.0"
::1 - - [17/Jun/2025:13:24:54 +0000] "POST /api/new/emp/hr HTTP/1.1" 200 249 "-" "PostmanRuntime/7.44.0"
::1 - - [17/Jun/2025:13:25:12 +0000] "POST /api/login HTTP/1.1" 200 179 "-" "PostmanRuntime/7.44.0"
::1 - - [17/Jun/2025:13:32:23 +0000] "POST /fired/hours/emp/342795267 HTTP/1.1" 403 9 "-" "PostmanRuntime/7.44.0"
::1 - - [17/Jun/2025:13:36:08 +0000] "POST /fired/hours/emp/342795267 HTTP/1.1" 403 9 "-" "PostmanRuntime/7.44.0"
::1 - - [17/Jun/2025:13:38:29 +0000] "POST /fired/hours/emp/342795267 HTTP/1.1" 403 9 "-" "PostmanRuntime/7.44.0"
::1 - - [17/Jun/2025:13:39:01 +0000] "POST /fired/hours/emp/342795267 HTTP/1.1" 403 9 "-" "PostmanRuntime/7.44.0"
::1 - - [17/Jun/2025:13:41:26 +0000] "GET /fired/hours/emp/342795267 HTTP/1.1" 500 - "-" "PostmanRuntime/7.44.0"
